CRITICAL - 2023-05-11 00:06:52 --> Class "App\Models\UsuarioModel" not found
in APPPATH\Controllers\Usuarios.php on line 34.
 1 SYSTEMPATH\CodeIgniter.php(934): App\Controllers\Usuarios->crearUsuario()
 2 SYSTEMPATH\CodeIgniter.php(499): CodeIgniter\CodeIgniter->runController(Object(App\Controllers\Usuarios))
 3 SYSTEMPATH\CodeIgniter.php(368): CodeIgniter\CodeIgniter->handleRequest(null, Object(Config\Cache), false)
 4 FCPATH\index.php(67): CodeIgniter\CodeIgniter->run()
CRITICAL - 2023-05-11 00:09:26 --> Class "App\Models\UsuarioModel" not found
in APPPATH\Controllers\Usuarios.php on line 34.
 1 SYSTEMPATH\CodeIgniter.php(934): App\Controllers\Usuarios->crearUsuario()
 2 SYSTEMPATH\CodeIgniter.php(499): CodeIgniter\CodeIgniter->runController(Object(App\Controllers\Usuarios))
 3 SYSTEMPATH\CodeIgniter.php(368): CodeIgniter\CodeIgniter->handleRequest(null, Object(Config\Cache), false)
 4 FCPATH\index.php(67): CodeIgniter\CodeIgniter->run()
CRITICAL - 2023-05-11 00:11:45 --> Class "App\Models\UsuarioModel" not found
in APPPATH\Controllers\Usuarios.php on line 34.
 1 SYSTEMPATH\CodeIgniter.php(934): App\Controllers\Usuarios->crearUsuario()
 2 SYSTEMPATH\CodeIgniter.php(499): CodeIgniter\CodeIgniter->runController(Object(App\Controllers\Usuarios))
 3 SYSTEMPATH\CodeIgniter.php(368): CodeIgniter\CodeIgniter->handleRequest(null, Object(Config\Cache), false)
 4 FCPATH\index.php(67): CodeIgniter\CodeIgniter->run()
CRITICAL - 2023-05-11 00:12:39 --> Class "App\Models\UsuarioModel" not found
in APPPATH\Controllers\Usuarios.php on line 33.
 1 SYSTEMPATH\CodeIgniter.php(934): App\Controllers\Usuarios->crearUsuario()
 2 SYSTEMPATH\CodeIgniter.php(499): CodeIgniter\CodeIgniter->runController(Object(App\Controllers\Usuarios))
 3 SYSTEMPATH\CodeIgniter.php(368): CodeIgniter\CodeIgniter->handleRequest(null, Object(Config\Cache), false)
 4 FCPATH\index.php(67): CodeIgniter\CodeIgniter->run()
CRITICAL - 2023-05-11 02:03:30 --> Undefined variable $css_file
in APPPATH\Views\inc\compartida\head.php on line 8.
 1 APPPATH\Views\inc\compartida\head.php(8): CodeIgniter\Debug\Exceptions->errorHandler(2, 'Undefined variable $css_file', 'C:\\xampp\\htdocs\\Proyecto-MauroMur\\app\\Views\\inc\\compartida\\head.php', 8)
 2 APPPATH\Views\lista.php(4): require_once('C:\\xampp\\htdocs\\Proyecto-MauroMur\\app\\Views\\inc\\compartida\\head.php')
 3 SYSTEMPATH\View\View.php(213): include('C:\\xampp\\htdocs\\Proyecto-MauroMur\\app\\Views\\lista.php')
 4 SYSTEMPATH\View\View.php(216): CodeIgniter\View\View->CodeIgniter\View\{closure}()
 5 SYSTEMPATH\Common.php(1184): CodeIgniter\View\View->render('/lista', [], true)
 6 APPPATH\Controllers\UsuariosController.php(11): view('/lista')
 7 SYSTEMPATH\CodeIgniter.php(934): App\Controllers\UsuariosController->index()
 8 SYSTEMPATH\CodeIgniter.php(499): CodeIgniter\CodeIgniter->runController(Object(App\Controllers\UsuariosController))
 9 SYSTEMPATH\CodeIgniter.php(368): CodeIgniter\CodeIgniter->handleRequest(null, Object(Config\Cache), false)
10 FCPATH\index.php(67): CodeIgniter\CodeIgniter->run()
CRITICAL - 2023-05-11 02:03:40 --> Undefined variable $css_file
in APPPATH\Views\inc\compartida\head.php on line 8.
 1 APPPATH\Views\inc\compartida\head.php(8): CodeIgniter\Debug\Exceptions->errorHandler(2, 'Undefined variable $css_file', 'C:\\xampp\\htdocs\\Proyecto-MauroMur\\app\\Views\\inc\\compartida\\head.php', 8)
 2 APPPATH\Views\lista.php(4): require_once('C:\\xampp\\htdocs\\Proyecto-MauroMur\\app\\Views\\inc\\compartida\\head.php')
 3 SYSTEMPATH\View\View.php(213): include('C:\\xampp\\htdocs\\Proyecto-MauroMur\\app\\Views\\lista.php')
 4 SYSTEMPATH\View\View.php(216): CodeIgniter\View\View->CodeIgniter\View\{closure}()
 5 SYSTEMPATH\Common.php(1184): CodeIgniter\View\View->render('lista', [], true)
 6 APPPATH\Controllers\UsuariosController.php(11): view('lista')
 7 SYSTEMPATH\CodeIgniter.php(934): App\Controllers\UsuariosController->index()
 8 SYSTEMPATH\CodeIgniter.php(499): CodeIgniter\CodeIgniter->runController(Object(App\Controllers\UsuariosController))
 9 SYSTEMPATH\CodeIgniter.php(368): CodeIgniter\CodeIgniter->handleRequest(null, Object(Config\Cache), false)
10 FCPATH\index.php(67): CodeIgniter\CodeIgniter->run()
CRITICAL - 2023-05-11 02:05:39 --> Undefined variable $css_file
in APPPATH\Views\inc\compartida\head.php on line 8.
 1 APPPATH\Views\inc\compartida\head.php(8): CodeIgniter\Debug\Exceptions->errorHandler(2, 'Undefined variable $css_file', 'C:\\xampp\\htdocs\\Proyecto-MauroMur\\app\\Views\\inc\\compartida\\head.php', 8)
 2 APPPATH\Views\lista.php(4): require_once('C:\\xampp\\htdocs\\Proyecto-MauroMur\\app\\Views\\inc\\compartida\\head.php')
 3 SYSTEMPATH\View\View.php(213): include('C:\\xampp\\htdocs\\Proyecto-MauroMur\\app\\Views\\lista.php')
 4 SYSTEMPATH\View\View.php(216): CodeIgniter\View\View->CodeIgniter\View\{closure}()
 5 SYSTEMPATH\Common.php(1184): CodeIgniter\View\View->render('lista', [], true)
 6 APPPATH\Controllers\UsuariosController.php(11): view('lista')
 7 SYSTEMPATH\CodeIgniter.php(934): App\Controllers\UsuariosController->index()
 8 SYSTEMPATH\CodeIgniter.php(499): CodeIgniter\CodeIgniter->runController(Object(App\Controllers\UsuariosController))
 9 SYSTEMPATH\CodeIgniter.php(368): CodeIgniter\CodeIgniter->handleRequest(null, Object(Config\Cache), false)
10 FCPATH\index.php(67): CodeIgniter\CodeIgniter->run()
CRITICAL - 2023-05-11 03:38:06 --> Invalid file: "registrar.php"
in SYSTEMPATH\Exceptions\FrameworkException.php on line 33.
 1 SYSTEMPATH\View\View.php(201): CodeIgniter\Exceptions\FrameworkException::forInvalidFile('registrar.php')
 2 SYSTEMPATH\Common.php(1184): CodeIgniter\View\View->render('registrar', [], true)
 3 APPPATH\Controllers\Home.php(96): view('registrar', [...])
 4 SYSTEMPATH\CodeIgniter.php(934): App\Controllers\Home->registrar()
 5 SYSTEMPATH\CodeIgniter.php(499): CodeIgniter\CodeIgniter->runController(Object(App\Controllers\Home))
 6 SYSTEMPATH\CodeIgniter.php(368): CodeIgniter\CodeIgniter->handleRequest(null, Object(Config\Cache), false)
 7 FCPATH\index.php(67): CodeIgniter\CodeIgniter->run()
CRITICAL - 2023-05-11 03:46:37 --> Invalid file: "registrar.php"
in SYSTEMPATH\Exceptions\FrameworkException.php on line 33.
 1 SYSTEMPATH\View\View.php(201): CodeIgniter\Exceptions\FrameworkException::forInvalidFile('registrar.php')
 2 SYSTEMPATH\Common.php(1184): CodeIgniter\View\View->render('registrar', [], true)
 3 APPPATH\Controllers\Home.php(96): view('registrar', [...])
 4 SYSTEMPATH\CodeIgniter.php(934): App\Controllers\Home->registrese()
 5 SYSTEMPATH\CodeIgniter.php(499): CodeIgniter\CodeIgniter->runController(Object(App\Controllers\Home))
 6 SYSTEMPATH\CodeIgniter.php(368): CodeIgniter\CodeIgniter->handleRequest(null, Object(Config\Cache), false)
 7 FCPATH\index.php(67): CodeIgniter\CodeIgniter->run()
CRITICAL - 2023-05-11 03:46:41 --> Invalid file: "registrar.php"
in SYSTEMPATH\Exceptions\FrameworkException.php on line 33.
 1 SYSTEMPATH\View\View.php(201): CodeIgniter\Exceptions\FrameworkException::forInvalidFile('registrar.php')
 2 SYSTEMPATH\Common.php(1184): CodeIgniter\View\View->render('registrar', [], true)
 3 APPPATH\Controllers\Home.php(96): view('registrar', [...])
 4 SYSTEMPATH\CodeIgniter.php(934): App\Controllers\Home->registrese()
 5 SYSTEMPATH\CodeIgniter.php(499): CodeIgniter\CodeIgniter->runController(Object(App\Controllers\Home))
 6 SYSTEMPATH\CodeIgniter.php(368): CodeIgniter\CodeIgniter->handleRequest(null, Object(Config\Cache), false)
 7 FCPATH\index.php(67): CodeIgniter\CodeIgniter->run()
CRITICAL - 2023-05-11 03:47:09 --> Invalid file: "registrar.php"
in SYSTEMPATH\Exceptions\FrameworkException.php on line 33.
 1 SYSTEMPATH\View\View.php(201): CodeIgniter\Exceptions\FrameworkException::forInvalidFile('registrar.php')
 2 SYSTEMPATH\Common.php(1184): CodeIgniter\View\View->render('registrar', [], true)
 3 APPPATH\Controllers\Home.php(96): view('registrar', [...])
 4 SYSTEMPATH\CodeIgniter.php(934): App\Controllers\Home->registrar()
 5 SYSTEMPATH\CodeIgniter.php(499): CodeIgniter\CodeIgniter->runController(Object(App\Controllers\Home))
 6 SYSTEMPATH\CodeIgniter.php(368): CodeIgniter\CodeIgniter->handleRequest(null, Object(Config\Cache), false)
 7 FCPATH\index.php(67): CodeIgniter\CodeIgniter->run()
CRITICAL - 2023-05-11 03:47:12 --> Invalid file: "registrar.php"
in SYSTEMPATH\Exceptions\FrameworkException.php on line 33.
 1 SYSTEMPATH\View\View.php(201): CodeIgniter\Exceptions\FrameworkException::forInvalidFile('registrar.php')
 2 SYSTEMPATH\Common.php(1184): CodeIgniter\View\View->render('registrar', [], true)
 3 APPPATH\Controllers\Home.php(96): view('registrar', [...])
 4 SYSTEMPATH\CodeIgniter.php(934): App\Controllers\Home->registrar()
 5 SYSTEMPATH\CodeIgniter.php(499): CodeIgniter\CodeIgniter->runController(Object(App\Controllers\Home))
 6 SYSTEMPATH\CodeIgniter.php(368): CodeIgniter\CodeIgniter->handleRequest(null, Object(Config\Cache), false)
 7 FCPATH\index.php(67): CodeIgniter\CodeIgniter->run()
CRITICAL - 2023-05-11 03:47:46 --> require_once(inc/componentes/login/registrar_usuario.php): Failed to open stream: No such file or directory
in APPPATH\Views\registrar.php on line 11.
 1 APPPATH\Views\registrar.php(11): CodeIgniter\Debug\Exceptions->errorHandler(2, 'require_once(inc/componentes/login/registrar_usuario.php): Failed to open stream: No such file or directory', 'C:\\xampp\\htdocs\\Proyecto-MauroMur\\app\\Views\\registrar.php', 11)
 2 APPPATH\Views\registrar.php(11): require_once()
 3 SYSTEMPATH\View\View.php(213): include('C:\\xampp\\htdocs\\Proyecto-MauroMur\\app\\Views\\registrar.php')
 4 SYSTEMPATH\View\View.php(216): CodeIgniter\View\View->CodeIgniter\View\{closure}()
 5 SYSTEMPATH\Common.php(1184): CodeIgniter\View\View->render('registrar', [], true)
 6 APPPATH\Controllers\Home.php(96): view('registrar', [...])
 7 SYSTEMPATH\CodeIgniter.php(934): App\Controllers\Home->registrar()
 8 SYSTEMPATH\CodeIgniter.php(499): CodeIgniter\CodeIgniter->runController(Object(App\Controllers\Home))
 9 SYSTEMPATH\CodeIgniter.php(368): CodeIgniter\CodeIgniter->handleRequest(null, Object(Config\Cache), false)
10 FCPATH\index.php(67): CodeIgniter\CodeIgniter->run()
