CRITICAL - 2023-05-12 21:15:56 --> Undefined variable $css_file
in APPPATH\Views\inc\compartida\head.php on line 8.
 1 APPPATH\Views\inc\compartida\head.php(8): CodeIgniter\Debug\Exceptions->errorHandler(2, 'Undefined variable $css_file', 'C:\\xampp\\htdocs\\Proyecto-MauroMur\\app\\Views\\inc\\compartida\\head.php', 8)
 2 APPPATH\Views\lista.php(4): require_once('C:\\xampp\\htdocs\\Proyecto-MauroMur\\app\\Views\\inc\\compartida\\head.php')
 3 SYSTEMPATH\View\View.php(213): include('C:\\xampp\\htdocs\\Proyecto-MauroMur\\app\\Views\\lista.php')
 4 SYSTEMPATH\View\View.php(216): CodeIgniter\View\View->CodeIgniter\View\{closure}()
 5 SYSTEMPATH\Common.php(1184): CodeIgniter\View\View->render('lista', [...], true)
 6 APPPATH\Controllers\UsuariosController.php(20): view('lista', [...], [...])
 7 SYSTEMPATH\CodeIgniter.php(934): App\Controllers\UsuariosController->index()
 8 SYSTEMPATH\CodeIgniter.php(499): CodeIgniter\CodeIgniter->runController(Object(App\Controllers\UsuariosController))
 9 SYSTEMPATH\CodeIgniter.php(368): CodeIgniter\CodeIgniter->handleRequest(null, Object(Config\Cache), false)
10 FCPATH\index.php(67): CodeIgniter\CodeIgniter->run()
CRITICAL - 2023-05-12 21:21:01 --> Undefined variable $usuarios
in APPPATH\Views\inc\componentes\usuarios\listar.php on line 2.
 1 APPPATH\Views\inc\componentes\usuarios\listar.php(2): CodeIgniter\Debug\Exceptions->errorHandler(2, 'Undefined variable $usuarios', 'C:\\xampp\\htdocs\\Proyecto-MauroMur\\app\\Views\\inc\\componentes\\usuarios\\listar.php', 2)
 2 APPPATH\Views\lista.php(9): require_once('C:\\xampp\\htdocs\\Proyecto-MauroMur\\app\\Views\\inc\\componentes\\usuarios\\listar.php')
 3 SYSTEMPATH\View\View.php(213): include('C:\\xampp\\htdocs\\Proyecto-MauroMur\\app\\Views\\lista.php')
 4 SYSTEMPATH\View\View.php(216): CodeIgniter\View\View->CodeIgniter\View\{closure}()
 5 SYSTEMPATH\Common.php(1184): CodeIgniter\View\View->render('lista', [], true)
 6 APPPATH\Controllers\UsuariosController.php(20): view('lista', [...])
 7 SYSTEMPATH\CodeIgniter.php(934): App\Controllers\UsuariosController->index()
 8 SYSTEMPATH\CodeIgniter.php(499): CodeIgniter\CodeIgniter->runController(Object(App\Controllers\UsuariosController))
 9 SYSTEMPATH\CodeIgniter.php(368): CodeIgniter\CodeIgniter->handleRequest(null, Object(Config\Cache), false)
10 FCPATH\index.php(67): CodeIgniter\CodeIgniter->run()
CRITICAL - 2023-05-12 21:23:43 --> Undefined variable $css_file
in APPPATH\Views\inc\compartida\head.php on line 8.
 1 APPPATH\Views\inc\compartida\head.php(8): CodeIgniter\Debug\Exceptions->errorHandler(2, 'Undefined variable $css_file', 'C:\\xampp\\htdocs\\Proyecto-MauroMur\\app\\Views\\inc\\compartida\\head.php', 8)
 2 APPPATH\Views\lista.php(4): require_once('C:\\xampp\\htdocs\\Proyecto-MauroMur\\app\\Views\\inc\\compartida\\head.php')
 3 SYSTEMPATH\View\View.php(213): include('C:\\xampp\\htdocs\\Proyecto-MauroMur\\app\\Views\\lista.php')
 4 SYSTEMPATH\View\View.php(216): CodeIgniter\View\View->CodeIgniter\View\{closure}()
 5 SYSTEMPATH\Common.php(1184): CodeIgniter\View\View->render('lista', [...], true)
 6 APPPATH\Controllers\UsuariosController.php(20): view('lista', [...], [...])
 7 SYSTEMPATH\CodeIgniter.php(934): App\Controllers\UsuariosController->index()
 8 SYSTEMPATH\CodeIgniter.php(499): CodeIgniter\CodeIgniter->runController(Object(App\Controllers\UsuariosController))
 9 SYSTEMPATH\CodeIgniter.php(368): CodeIgniter\CodeIgniter->handleRequest(null, Object(Config\Cache), false)
10 FCPATH\index.php(67): CodeIgniter\CodeIgniter->run()
CRITICAL - 2023-05-12 21:25:43 --> Undefined variable $css_file
in APPPATH\Views\inc\compartida\head.php on line 8.
 1 APPPATH\Views\inc\compartida\head.php(8): CodeIgniter\Debug\Exceptions->errorHandler(2, 'Undefined variable $css_file', 'C:\\xampp\\htdocs\\Proyecto-MauroMur\\app\\Views\\inc\\compartida\\head.php', 8)
 2 APPPATH\Views\lista.php(4): require_once('C:\\xampp\\htdocs\\Proyecto-MauroMur\\app\\Views\\inc\\compartida\\head.php')
 3 SYSTEMPATH\View\View.php(213): include('C:\\xampp\\htdocs\\Proyecto-MauroMur\\app\\Views\\lista.php')
 4 SYSTEMPATH\View\View.php(216): CodeIgniter\View\View->CodeIgniter\View\{closure}()
 5 SYSTEMPATH\Common.php(1184): CodeIgniter\View\View->render('lista', [...], true)
 6 APPPATH\Controllers\UsuariosController.php(20): view('lista', [...], [...])
 7 SYSTEMPATH\CodeIgniter.php(934): App\Controllers\UsuariosController->index()
 8 SYSTEMPATH\CodeIgniter.php(499): CodeIgniter\CodeIgniter->runController(Object(App\Controllers\UsuariosController))
 9 SYSTEMPATH\CodeIgniter.php(368): CodeIgniter\CodeIgniter->handleRequest(null, Object(Config\Cache), false)
10 FCPATH\index.php(67): CodeIgniter\CodeIgniter->run()
CRITICAL - 2023-05-12 21:39:14 --> Undefined variable $css_file
in APPPATH\Views\inc\compartida\head.php on line 8.
 1 APPPATH\Views\inc\compartida\head.php(8): CodeIgniter\Debug\Exceptions->errorHandler(2, 'Undefined variable $css_file', 'C:\\xampp\\htdocs\\Proyecto-MauroMur\\app\\Views\\inc\\compartida\\head.php', 8)
 2 APPPATH\Views\lista.php(4): require_once('C:\\xampp\\htdocs\\Proyecto-MauroMur\\app\\Views\\inc\\compartida\\head.php')
 3 SYSTEMPATH\View\View.php(213): include('C:\\xampp\\htdocs\\Proyecto-MauroMur\\app\\Views\\lista.php')
 4 SYSTEMPATH\View\View.php(216): CodeIgniter\View\View->CodeIgniter\View\{closure}()
 5 SYSTEMPATH\Common.php(1184): CodeIgniter\View\View->render('lista', [...], true)
 6 APPPATH\Controllers\UsuariosController.php(20): view('lista', [...], [...])
 7 SYSTEMPATH\CodeIgniter.php(934): App\Controllers\UsuariosController->index()
 8 SYSTEMPATH\CodeIgniter.php(499): CodeIgniter\CodeIgniter->runController(Object(App\Controllers\UsuariosController))
 9 SYSTEMPATH\CodeIgniter.php(368): CodeIgniter\CodeIgniter->handleRequest(null, Object(Config\Cache), false)
10 FCPATH\index.php(67): CodeIgniter\CodeIgniter->run()
CRITICAL - 2023-05-12 21:40:16 --> Undefined variable $css_file
in APPPATH\Views\inc\compartida\head.php on line 8.
 1 APPPATH\Views\inc\compartida\head.php(8): CodeIgniter\Debug\Exceptions->errorHandler(2, 'Undefined variable $css_file', 'C:\\xampp\\htdocs\\Proyecto-MauroMur\\app\\Views\\inc\\compartida\\head.php', 8)
 2 APPPATH\Views\lista.php(4): require_once('C:\\xampp\\htdocs\\Proyecto-MauroMur\\app\\Views\\inc\\compartida\\head.php')
 3 SYSTEMPATH\View\View.php(213): include('C:\\xampp\\htdocs\\Proyecto-MauroMur\\app\\Views\\lista.php')
 4 SYSTEMPATH\View\View.php(216): CodeIgniter\View\View->CodeIgniter\View\{closure}()
 5 SYSTEMPATH\Common.php(1184): CodeIgniter\View\View->render('lista', [], true)
 6 APPPATH\Controllers\UsuariosController.php(18): view('lista', [...])
 7 SYSTEMPATH\CodeIgniter.php(934): App\Controllers\UsuariosController->index()
 8 SYSTEMPATH\CodeIgniter.php(499): CodeIgniter\CodeIgniter->runController(Object(App\Controllers\UsuariosController))
 9 SYSTEMPATH\CodeIgniter.php(368): CodeIgniter\CodeIgniter->handleRequest(null, Object(Config\Cache), false)
10 FCPATH\index.php(67): CodeIgniter\CodeIgniter->run()
CRITICAL - 2023-05-12 21:40:36 --> Undefined variable $css_file
in APPPATH\Views\inc\compartida\head.php on line 8.
 1 APPPATH\Views\inc\compartida\head.php(8): CodeIgniter\Debug\Exceptions->errorHandler(2, 'Undefined variable $css_file', 'C:\\xampp\\htdocs\\Proyecto-MauroMur\\app\\Views\\inc\\compartida\\head.php', 8)
 2 APPPATH\Views\lista.php(4): require_once('C:\\xampp\\htdocs\\Proyecto-MauroMur\\app\\Views\\inc\\compartida\\head.php')
 3 SYSTEMPATH\View\View.php(213): include('C:\\xampp\\htdocs\\Proyecto-MauroMur\\app\\Views\\lista.php')
 4 SYSTEMPATH\View\View.php(216): CodeIgniter\View\View->CodeIgniter\View\{closure}()
 5 SYSTEMPATH\Common.php(1184): CodeIgniter\View\View->render('lista', [], true)
 6 APPPATH\Controllers\UsuariosController.php(18): view('lista', [...])
 7 SYSTEMPATH\CodeIgniter.php(934): App\Controllers\UsuariosController->index()
 8 SYSTEMPATH\CodeIgniter.php(499): CodeIgniter\CodeIgniter->runController(Object(App\Controllers\UsuariosController))
 9 SYSTEMPATH\CodeIgniter.php(368): CodeIgniter\CodeIgniter->handleRequest(null, Object(Config\Cache), false)
10 FCPATH\index.php(67): CodeIgniter\CodeIgniter->run()
CRITICAL - 2023-05-12 21:41:16 --> Undefined variable $titulo
in APPPATH\Views\inc\compartida\head.php on line 10.
 1 APPPATH\Views\inc\compartida\head.php(10): CodeIgniter\Debug\Exceptions->errorHandler(2, 'Undefined variable $titulo', 'C:\\xampp\\htdocs\\Proyecto-MauroMur\\app\\Views\\inc\\compartida\\head.php', 10)
 2 APPPATH\Views\lista.php(4): require_once('C:\\xampp\\htdocs\\Proyecto-MauroMur\\app\\Views\\inc\\compartida\\head.php')
 3 SYSTEMPATH\View\View.php(213): include('C:\\xampp\\htdocs\\Proyecto-MauroMur\\app\\Views\\lista.php')
 4 SYSTEMPATH\View\View.php(216): CodeIgniter\View\View->CodeIgniter\View\{closure}()
 5 SYSTEMPATH\Common.php(1184): CodeIgniter\View\View->render('lista', [], true)
 6 APPPATH\Controllers\UsuariosController.php(18): view('lista', [...])
 7 SYSTEMPATH\CodeIgniter.php(934): App\Controllers\UsuariosController->index()
 8 SYSTEMPATH\CodeIgniter.php(499): CodeIgniter\CodeIgniter->runController(Object(App\Controllers\UsuariosController))
 9 SYSTEMPATH\CodeIgniter.php(368): CodeIgniter\CodeIgniter->handleRequest(null, Object(Config\Cache), false)
10 FCPATH\index.php(67): CodeIgniter\CodeIgniter->run()
CRITICAL - 2023-05-12 21:41:32 --> Undefined variable $css_file
in APPPATH\Views\inc\compartida\head.php on line 8.
 1 APPPATH\Views\inc\compartida\head.php(8): CodeIgniter\Debug\Exceptions->errorHandler(2, 'Undefined variable $css_file', 'C:\\xampp\\htdocs\\Proyecto-MauroMur\\app\\Views\\inc\\compartida\\head.php', 8)
 2 APPPATH\Views\lista.php(4): require_once('C:\\xampp\\htdocs\\Proyecto-MauroMur\\app\\Views\\inc\\compartida\\head.php')
 3 SYSTEMPATH\View\View.php(213): include('C:\\xampp\\htdocs\\Proyecto-MauroMur\\app\\Views\\lista.php')
 4 SYSTEMPATH\View\View.php(216): CodeIgniter\View\View->CodeIgniter\View\{closure}()
 5 SYSTEMPATH\Common.php(1184): CodeIgniter\View\View->render('lista', [], true)
 6 APPPATH\Controllers\UsuariosController.php(18): view('lista', [...])
 7 SYSTEMPATH\CodeIgniter.php(934): App\Controllers\UsuariosController->index()
 8 SYSTEMPATH\CodeIgniter.php(499): CodeIgniter\CodeIgniter->runController(Object(App\Controllers\UsuariosController))
 9 SYSTEMPATH\CodeIgniter.php(368): CodeIgniter\CodeIgniter->handleRequest(null, Object(Config\Cache), false)
10 FCPATH\index.php(67): CodeIgniter\CodeIgniter->run()
CRITICAL - 2023-05-12 21:41:47 --> Undefined variable $css_file
in APPPATH\Views\inc\compartida\head.php on line 8.
 1 APPPATH\Views\inc\compartida\head.php(8): CodeIgniter\Debug\Exceptions->errorHandler(2, 'Undefined variable $css_file', 'C:\\xampp\\htdocs\\Proyecto-MauroMur\\app\\Views\\inc\\compartida\\head.php', 8)
 2 APPPATH\Views\lista.php(4): require_once('C:\\xampp\\htdocs\\Proyecto-MauroMur\\app\\Views\\inc\\compartida\\head.php')
 3 SYSTEMPATH\View\View.php(213): include('C:\\xampp\\htdocs\\Proyecto-MauroMur\\app\\Views\\lista.php')
 4 SYSTEMPATH\View\View.php(216): CodeIgniter\View\View->CodeIgniter\View\{closure}()
 5 SYSTEMPATH\Common.php(1184): CodeIgniter\View\View->render('lista', [], true)
 6 APPPATH\Controllers\UsuariosController.php(18): view('lista', [...])
 7 SYSTEMPATH\CodeIgniter.php(934): App\Controllers\UsuariosController->index()
 8 SYSTEMPATH\CodeIgniter.php(499): CodeIgniter\CodeIgniter->runController(Object(App\Controllers\UsuariosController))
 9 SYSTEMPATH\CodeIgniter.php(368): CodeIgniter\CodeIgniter->handleRequest(null, Object(Config\Cache), false)
10 FCPATH\index.php(67): CodeIgniter\CodeIgniter->run()
CRITICAL - 2023-05-12 21:43:05 --> Undefined variable $css_file
in APPPATH\Views\inc\compartida\head.php on line 8.
 1 APPPATH\Views\inc\compartida\head.php(8): CodeIgniter\Debug\Exceptions->errorHandler(2, 'Undefined variable $css_file', 'C:\\xampp\\htdocs\\Proyecto-MauroMur\\app\\Views\\inc\\compartida\\head.php', 8)
 2 APPPATH\Views\lista.php(4): require_once('C:\\xampp\\htdocs\\Proyecto-MauroMur\\app\\Views\\inc\\compartida\\head.php')
 3 SYSTEMPATH\View\View.php(213): include('C:\\xampp\\htdocs\\Proyecto-MauroMur\\app\\Views\\lista.php')
 4 SYSTEMPATH\View\View.php(216): CodeIgniter\View\View->CodeIgniter\View\{closure}()
 5 SYSTEMPATH\Common.php(1184): CodeIgniter\View\View->render('lista', [], true)
 6 APPPATH\Controllers\UsuariosController.php(18): view('lista', [...])
 7 SYSTEMPATH\CodeIgniter.php(934): App\Controllers\UsuariosController->index()
 8 SYSTEMPATH\CodeIgniter.php(499): CodeIgniter\CodeIgniter->runController(Object(App\Controllers\UsuariosController))
 9 SYSTEMPATH\CodeIgniter.php(368): CodeIgniter\CodeIgniter->handleRequest(null, Object(Config\Cache), false)
10 FCPATH\index.php(67): CodeIgniter\CodeIgniter->run()
CRITICAL - 2023-05-12 21:57:41 --> Undefined variable $css_file
in APPPATH\Views\inc\compartida\head.php on line 8.
 1 APPPATH\Views\inc\compartida\head.php(8): CodeIgniter\Debug\Exceptions->errorHandler(2, 'Undefined variable $css_file', 'C:\\xampp\\htdocs\\Proyecto-MauroMur\\app\\Views\\inc\\compartida\\head.php', 8)
 2 APPPATH\Views\lista.php(4): require_once('C:\\xampp\\htdocs\\Proyecto-MauroMur\\app\\Views\\inc\\compartida\\head.php')
 3 SYSTEMPATH\View\View.php(213): include('C:\\xampp\\htdocs\\Proyecto-MauroMur\\app\\Views\\lista.php')
 4 SYSTEMPATH\View\View.php(216): CodeIgniter\View\View->CodeIgniter\View\{closure}()
 5 SYSTEMPATH\Common.php(1184): CodeIgniter\View\View->render('lista', [], true)
 6 APPPATH\Controllers\UsuariosController.php(18): view('lista', [...])
 7 SYSTEMPATH\CodeIgniter.php(934): App\Controllers\UsuariosController->index()
 8 SYSTEMPATH\CodeIgniter.php(499): CodeIgniter\CodeIgniter->runController(Object(App\Controllers\UsuariosController))
 9 SYSTEMPATH\CodeIgniter.php(368): CodeIgniter\CodeIgniter->handleRequest(null, Object(Config\Cache), false)
10 FCPATH\index.php(67): CodeIgniter\CodeIgniter->run()
CRITICAL - 2023-05-12 21:58:25 --> Undefined variable $css_file
in APPPATH\Views\inc\compartida\head.php on line 8.
 1 APPPATH\Views\inc\compartida\head.php(8): CodeIgniter\Debug\Exceptions->errorHandler(2, 'Undefined variable $css_file', 'C:\\xampp\\htdocs\\Proyecto-MauroMur\\app\\Views\\inc\\compartida\\head.php', 8)
 2 APPPATH\Views\lista.php(4): require_once('C:\\xampp\\htdocs\\Proyecto-MauroMur\\app\\Views\\inc\\compartida\\head.php')
 3 SYSTEMPATH\View\View.php(213): include('C:\\xampp\\htdocs\\Proyecto-MauroMur\\app\\Views\\lista.php')
 4 SYSTEMPATH\View\View.php(216): CodeIgniter\View\View->CodeIgniter\View\{closure}()
 5 SYSTEMPATH\Common.php(1184): CodeIgniter\View\View->render('lista', [], true)
 6 APPPATH\Controllers\UsuariosController.php(18): view('lista', [...])
 7 SYSTEMPATH\CodeIgniter.php(934): App\Controllers\UsuariosController->index()
 8 SYSTEMPATH\CodeIgniter.php(499): CodeIgniter\CodeIgniter->runController(Object(App\Controllers\UsuariosController))
 9 SYSTEMPATH\CodeIgniter.php(368): CodeIgniter\CodeIgniter->handleRequest(null, Object(Config\Cache), false)
10 FCPATH\index.php(67): CodeIgniter\CodeIgniter->run()
