CRITICAL - 2023-04-07 15:58:02 --> require_once(inc/componentes/footer.php): Failed to open stream: No such file or directory
in APPPATH\Views\principal.php on line 11.
 1 APPPATH\Views\principal.php(11): CodeIgniter\Debug\Exceptions->errorHandler(2, 'require_once(inc/componentes/footer.php): Failed to open stream: No such file or directory', 'C:\\xampp\\htdocs\\Proyecto-MauroMur\\app\\Views\\principal.php', 11)
 2 APPPATH\Views\principal.php(11): require_once()
 3 SYSTEMPATH\View\View.php(213): include('C:\\xampp\\htdocs\\Proyecto-MauroMur\\app\\Views\\principal.php')
 4 SYSTEMPATH\View\View.php(216): CodeIgniter\View\View->CodeIgniter\View\{closure}()
 5 SYSTEMPATH\Common.php(1184): CodeIgniter\View\View->render('principal', [], true)
 6 APPPATH\Controllers\Home.php(9): view('principal')
 7 SYSTEMPATH\CodeIgniter.php(934): App\Controllers\Home->index()
 8 SYSTEMPATH\CodeIgniter.php(499): CodeIgniter\CodeIgniter->runController(Object(App\Controllers\Home))
 9 SYSTEMPATH\CodeIgniter.php(368): CodeIgniter\CodeIgniter->handleRequest(null, Object(Config\Cache), false)
10 FCPATH\index.php(67): CodeIgniter\CodeIgniter->run()
CRITICAL - 2023-04-07 15:58:32 --> require_once(inc/componentes/footer.php): Failed to open stream: No such file or directory
in APPPATH\Views\principal.php on line 5.
 1 APPPATH\Views\principal.php(5): CodeIgniter\Debug\Exceptions->errorHandler(2, 'require_once(inc/componentes/footer.php): Failed to open stream: No such file or directory', 'C:\\xampp\\htdocs\\Proyecto-MauroMur\\app\\Views\\principal.php', 5)
 2 APPPATH\Views\principal.php(5): require_once()
 3 SYSTEMPATH\View\View.php(213): include('C:\\xampp\\htdocs\\Proyecto-MauroMur\\app\\Views\\principal.php')
 4 SYSTEMPATH\View\View.php(216): CodeIgniter\View\View->CodeIgniter\View\{closure}()
 5 SYSTEMPATH\Common.php(1184): CodeIgniter\View\View->render('principal', [], true)
 6 APPPATH\Controllers\Home.php(9): view('principal')
 7 SYSTEMPATH\CodeIgniter.php(934): App\Controllers\Home->index()
 8 SYSTEMPATH\CodeIgniter.php(499): CodeIgniter\CodeIgniter->runController(Object(App\Controllers\Home))
 9 SYSTEMPATH\CodeIgniter.php(368): CodeIgniter\CodeIgniter->handleRequest(null, Object(Config\Cache), false)
10 FCPATH\index.php(67): CodeIgniter\CodeIgniter->run()
CRITICAL - 2023-04-07 15:58:43 --> require_once(inc/componentes/footer.php): Failed to open stream: No such file or directory
in APPPATH\Views\principal.php on line 5.
 1 APPPATH\Views\principal.php(5): CodeIgniter\Debug\Exceptions->errorHandler(2, 'require_once(inc/componentes/footer.php): Failed to open stream: No such file or directory', 'C:\\xampp\\htdocs\\Proyecto-MauroMur\\app\\Views\\principal.php', 5)
 2 APPPATH\Views\principal.php(5): require_once()
 3 SYSTEMPATH\View\View.php(213): include('C:\\xampp\\htdocs\\Proyecto-MauroMur\\app\\Views\\principal.php')
 4 SYSTEMPATH\View\View.php(216): CodeIgniter\View\View->CodeIgniter\View\{closure}()
 5 SYSTEMPATH\Common.php(1184): CodeIgniter\View\View->render('principal', [], true)
 6 APPPATH\Controllers\Home.php(9): view('principal')
 7 SYSTEMPATH\CodeIgniter.php(934): App\Controllers\Home->index()
 8 SYSTEMPATH\CodeIgniter.php(499): CodeIgniter\CodeIgniter->runController(Object(App\Controllers\Home))
 9 SYSTEMPATH\CodeIgniter.php(368): CodeIgniter\CodeIgniter->handleRequest(null, Object(Config\Cache), false)
10 FCPATH\index.php(67): CodeIgniter\CodeIgniter->run()
CRITICAL - 2023-04-07 16:00:57 --> require_once(inc/componentes/footer.php): Failed to open stream: No such file or directory
in APPPATH\Views\principal.php on line 5.
 1 APPPATH\Views\principal.php(5): CodeIgniter\Debug\Exceptions->errorHandler(2, 'require_once(inc/componentes/footer.php): Failed to open stream: No such file or directory', 'C:\\xampp\\htdocs\\Proyecto-MauroMur\\app\\Views\\principal.php', 5)
 2 APPPATH\Views\principal.php(5): require_once()
 3 SYSTEMPATH\View\View.php(213): include('C:\\xampp\\htdocs\\Proyecto-MauroMur\\app\\Views\\principal.php')
 4 SYSTEMPATH\View\View.php(216): CodeIgniter\View\View->CodeIgniter\View\{closure}()
 5 SYSTEMPATH\Common.php(1184): CodeIgniter\View\View->render('principal', [], true)
 6 APPPATH\Controllers\Home.php(9): view('principal')
 7 SYSTEMPATH\CodeIgniter.php(934): App\Controllers\Home->index()
 8 SYSTEMPATH\CodeIgniter.php(499): CodeIgniter\CodeIgniter->runController(Object(App\Controllers\Home))
 9 SYSTEMPATH\CodeIgniter.php(368): CodeIgniter\CodeIgniter->handleRequest(null, Object(Config\Cache), false)
10 FCPATH\index.php(67): CodeIgniter\CodeIgniter->run()
CRITICAL - 2023-04-07 16:49:51 --> Invalid file: "comercializacion.php"
in SYSTEMPATH\Exceptions\FrameworkException.php on line 33.
 1 SYSTEMPATH\View\View.php(201): CodeIgniter\Exceptions\FrameworkException::forInvalidFile('comercializacion.php')
 2 SYSTEMPATH\Common.php(1184): CodeIgniter\View\View->render('comercializacion', [], true)
 3 APPPATH\Controllers\Home.php(19): view('comercializacion')
 4 SYSTEMPATH\CodeIgniter.php(934): App\Controllers\Home->comercializacion()
 5 SYSTEMPATH\CodeIgniter.php(499): CodeIgniter\CodeIgniter->runController(Object(App\Controllers\Home))
 6 SYSTEMPATH\CodeIgniter.php(368): CodeIgniter\CodeIgniter->handleRequest(null, Object(Config\Cache), false)
 7 FCPATH\index.php(67): CodeIgniter\CodeIgniter->run()
CRITICAL - 2023-04-07 16:53:47 --> Invalid file: "contacto.php"
in SYSTEMPATH\Exceptions\FrameworkException.php on line 33.
 1 SYSTEMPATH\View\View.php(201): CodeIgniter\Exceptions\FrameworkException::forInvalidFile('contacto.php')
 2 SYSTEMPATH\Common.php(1184): CodeIgniter\View\View->render('contacto', [], true)
 3 APPPATH\Controllers\Home.php(24): view('contacto')
 4 SYSTEMPATH\CodeIgniter.php(934): App\Controllers\Home->contacto()
 5 SYSTEMPATH\CodeIgniter.php(499): CodeIgniter\CodeIgniter->runController(Object(App\Controllers\Home))
 6 SYSTEMPATH\CodeIgniter.php(368): CodeIgniter\CodeIgniter->handleRequest(null, Object(Config\Cache), false)
 7 FCPATH\index.php(67): CodeIgniter\CodeIgniter->run()
CRITICAL - 2023-04-07 16:54:44 --> Invalid file: "comercializacion.php"
in SYSTEMPATH\Exceptions\FrameworkException.php on line 33.
 1 SYSTEMPATH\View\View.php(201): CodeIgniter\Exceptions\FrameworkException::forInvalidFile('comercializacion.php')
 2 SYSTEMPATH\Common.php(1184): CodeIgniter\View\View->render('comercializacion', [], true)
 3 APPPATH\Controllers\Home.php(19): view('comercializacion')
 4 SYSTEMPATH\CodeIgniter.php(934): App\Controllers\Home->comercializacion()
 5 SYSTEMPATH\CodeIgniter.php(499): CodeIgniter\CodeIgniter->runController(Object(App\Controllers\Home))
 6 SYSTEMPATH\CodeIgniter.php(368): CodeIgniter\CodeIgniter->handleRequest(null, Object(Config\Cache), false)
 7 FCPATH\index.php(67): CodeIgniter\CodeIgniter->run()
CRITICAL - 2023-04-07 16:56:57 --> Invalid file: "comercializacion.php"
in SYSTEMPATH\Exceptions\FrameworkException.php on line 33.
 1 SYSTEMPATH\View\View.php(201): CodeIgniter\Exceptions\FrameworkException::forInvalidFile('comercializacion.php')
 2 SYSTEMPATH\Common.php(1184): CodeIgniter\View\View->render('comercializacion', [], true)
 3 APPPATH\Controllers\Home.php(19): view('comercializacion')
 4 SYSTEMPATH\CodeIgniter.php(934): App\Controllers\Home->comercializacion()
 5 SYSTEMPATH\CodeIgniter.php(499): CodeIgniter\CodeIgniter->runController(Object(App\Controllers\Home))
 6 SYSTEMPATH\CodeIgniter.php(368): CodeIgniter\CodeIgniter->handleRequest(null, Object(Config\Cache), false)
 7 FCPATH\index.php(67): CodeIgniter\CodeIgniter->run()
CRITICAL - 2023-04-07 16:56:59 --> Invalid file: "comercializacion.php"
in SYSTEMPATH\Exceptions\FrameworkException.php on line 33.
 1 SYSTEMPATH\View\View.php(201): CodeIgniter\Exceptions\FrameworkException::forInvalidFile('comercializacion.php')
 2 SYSTEMPATH\Common.php(1184): CodeIgniter\View\View->render('comercializacion', [], true)
 3 APPPATH\Controllers\Home.php(19): view('comercializacion')
 4 SYSTEMPATH\CodeIgniter.php(934): App\Controllers\Home->comercializacion()
 5 SYSTEMPATH\CodeIgniter.php(499): CodeIgniter\CodeIgniter->runController(Object(App\Controllers\Home))
 6 SYSTEMPATH\CodeIgniter.php(368): CodeIgniter\CodeIgniter->handleRequest(null, Object(Config\Cache), false)
 7 FCPATH\index.php(67): CodeIgniter\CodeIgniter->run()
CRITICAL - 2023-04-07 16:57:37 --> Invalid file: "comercializacion.php"
in SYSTEMPATH\Exceptions\FrameworkException.php on line 33.
 1 SYSTEMPATH\View\View.php(201): CodeIgniter\Exceptions\FrameworkException::forInvalidFile('comercializacion.php')
 2 SYSTEMPATH\Common.php(1184): CodeIgniter\View\View->render('comercializacion', [], true)
 3 APPPATH\Controllers\Home.php(19): view('comercializacion')
 4 SYSTEMPATH\CodeIgniter.php(934): App\Controllers\Home->comercializacion()
 5 SYSTEMPATH\CodeIgniter.php(499): CodeIgniter\CodeIgniter->runController(Object(App\Controllers\Home))
 6 SYSTEMPATH\CodeIgniter.php(368): CodeIgniter\CodeIgniter->handleRequest(null, Object(Config\Cache), false)
 7 FCPATH\index.php(67): CodeIgniter\CodeIgniter->run()
CRITICAL - 2023-04-07 16:59:55 --> Invalid file: "comercializacion.php"
in SYSTEMPATH\Exceptions\FrameworkException.php on line 33.
 1 SYSTEMPATH\View\View.php(201): CodeIgniter\Exceptions\FrameworkException::forInvalidFile('comercializacion.php')
 2 SYSTEMPATH\Common.php(1184): CodeIgniter\View\View->render('comercializacion', [], true)
 3 APPPATH\Controllers\Home.php(19): view('comercializacion')
 4 SYSTEMPATH\CodeIgniter.php(934): App\Controllers\Home->comercializacion()
 5 SYSTEMPATH\CodeIgniter.php(499): CodeIgniter\CodeIgniter->runController(Object(App\Controllers\Home))
 6 SYSTEMPATH\CodeIgniter.php(368): CodeIgniter\CodeIgniter->handleRequest(null, Object(Config\Cache), false)
 7 FCPATH\index.php(67): CodeIgniter\CodeIgniter->run()
CRITICAL - 2023-04-07 17:02:00 --> Invalid file: "comercializacion.php"
in SYSTEMPATH\Exceptions\FrameworkException.php on line 33.
 1 SYSTEMPATH\View\View.php(201): CodeIgniter\Exceptions\FrameworkException::forInvalidFile('comercializacion.php')
 2 SYSTEMPATH\Common.php(1184): CodeIgniter\View\View->render('comercializacion', [], true)
 3 APPPATH\Controllers\Home.php(19): view('comercializacion')
 4 SYSTEMPATH\CodeIgniter.php(934): App\Controllers\Home->comercializacion()
 5 SYSTEMPATH\CodeIgniter.php(499): CodeIgniter\CodeIgniter->runController(Object(App\Controllers\Home))
 6 SYSTEMPATH\CodeIgniter.php(368): CodeIgniter\CodeIgniter->handleRequest(null, Object(Config\Cache), false)
 7 FCPATH\index.php(67): CodeIgniter\CodeIgniter->run()
CRITICAL - 2023-04-07 17:02:28 --> Invalid file: "comercializacion.php"
in SYSTEMPATH\Exceptions\FrameworkException.php on line 33.
 1 SYSTEMPATH\View\View.php(201): CodeIgniter\Exceptions\FrameworkException::forInvalidFile('comercializacion.php')
 2 SYSTEMPATH\Common.php(1184): CodeIgniter\View\View->render('comercializacion', [], true)
 3 APPPATH\Controllers\Home.php(19): view('comercializacion')
 4 SYSTEMPATH\CodeIgniter.php(934): App\Controllers\Home->comercializacion()
 5 SYSTEMPATH\CodeIgniter.php(499): CodeIgniter\CodeIgniter->runController(Object(App\Controllers\Home))
 6 SYSTEMPATH\CodeIgniter.php(368): CodeIgniter\CodeIgniter->handleRequest(null, Object(Config\Cache), false)
 7 FCPATH\index.php(67): CodeIgniter\CodeIgniter->run()
CRITICAL - 2023-04-07 17:04:40 --> Invalid file: "comercializacion.php"
in SYSTEMPATH\Exceptions\FrameworkException.php on line 33.
 1 SYSTEMPATH\View\View.php(201): CodeIgniter\Exceptions\FrameworkException::forInvalidFile('comercializacion.php')
 2 SYSTEMPATH\Common.php(1184): CodeIgniter\View\View->render('comercializacion', [], true)
 3 APPPATH\Controllers\Home.php(19): view('comercializacion')
 4 SYSTEMPATH\CodeIgniter.php(934): App\Controllers\Home->comercializacion()
 5 SYSTEMPATH\CodeIgniter.php(499): CodeIgniter\CodeIgniter->runController(Object(App\Controllers\Home))
 6 SYSTEMPATH\CodeIgniter.php(368): CodeIgniter\CodeIgniter->handleRequest(null, Object(Config\Cache), false)
 7 FCPATH\index.php(67): CodeIgniter\CodeIgniter->run()
CRITICAL - 2023-04-07 17:10:03 --> Invalid file: "comercializacion.php"
in SYSTEMPATH\Exceptions\FrameworkException.php on line 33.
 1 SYSTEMPATH\View\View.php(201): CodeIgniter\Exceptions\FrameworkException::forInvalidFile('comercializacion.php')
 2 SYSTEMPATH\Common.php(1184): CodeIgniter\View\View->render('comercializacion', [], true)
 3 APPPATH\Controllers\Home.php(19): view('comercializacion')
 4 SYSTEMPATH\CodeIgniter.php(934): App\Controllers\Home->comercializacion()
 5 SYSTEMPATH\CodeIgniter.php(499): CodeIgniter\CodeIgniter->runController(Object(App\Controllers\Home))
 6 SYSTEMPATH\CodeIgniter.php(368): CodeIgniter\CodeIgniter->handleRequest(null, Object(Config\Cache), false)
 7 FCPATH\index.php(67): CodeIgniter\CodeIgniter->run()
CRITICAL - 2023-04-07 17:12:23 --> Invalid file: "comercializacion.php"
in SYSTEMPATH\Exceptions\FrameworkException.php on line 33.
 1 SYSTEMPATH\View\View.php(201): CodeIgniter\Exceptions\FrameworkException::forInvalidFile('comercializacion.php')
 2 SYSTEMPATH\Common.php(1184): CodeIgniter\View\View->render('comercializacion', [], true)
 3 APPPATH\Controllers\Home.php(19): view('comercializacion')
 4 SYSTEMPATH\CodeIgniter.php(934): App\Controllers\Home->comercializacion()
 5 SYSTEMPATH\CodeIgniter.php(499): CodeIgniter\CodeIgniter->runController(Object(App\Controllers\Home))
 6 SYSTEMPATH\CodeIgniter.php(368): CodeIgniter\CodeIgniter->handleRequest(null, Object(Config\Cache), false)
 7 FCPATH\index.php(67): CodeIgniter\CodeIgniter->run()
CRITICAL - 2023-04-07 17:17:11 --> Invalid file: "comercializacion.php"
in SYSTEMPATH\Exceptions\FrameworkException.php on line 33.
 1 SYSTEMPATH\View\View.php(201): CodeIgniter\Exceptions\FrameworkException::forInvalidFile('comercializacion.php')
 2 SYSTEMPATH\Common.php(1184): CodeIgniter\View\View->render('comercializacion.php', [], true)
 3 APPPATH\Controllers\Home.php(19): view('comercializacion.php')
 4 SYSTEMPATH\CodeIgniter.php(934): App\Controllers\Home->comercializacion()
 5 SYSTEMPATH\CodeIgniter.php(499): CodeIgniter\CodeIgniter->runController(Object(App\Controllers\Home))
 6 SYSTEMPATH\CodeIgniter.php(368): CodeIgniter\CodeIgniter->handleRequest(null, Object(Config\Cache), false)
 7 FCPATH\index.php(67): CodeIgniter\CodeIgniter->run()
CRITICAL - 2023-04-07 17:17:21 --> Invalid file: "comercializacion.php"
in SYSTEMPATH\Exceptions\FrameworkException.php on line 33.
 1 SYSTEMPATH\View\View.php(201): CodeIgniter\Exceptions\FrameworkException::forInvalidFile('comercializacion.php')
 2 SYSTEMPATH\Common.php(1184): CodeIgniter\View\View->render('comercializacion.php', [], true)
 3 APPPATH\Controllers\Home.php(19): view('comercializacion.php')
 4 SYSTEMPATH\CodeIgniter.php(934): App\Controllers\Home->comercializacion()
 5 SYSTEMPATH\CodeIgniter.php(499): CodeIgniter\CodeIgniter->runController(Object(App\Controllers\Home))
 6 SYSTEMPATH\CodeIgniter.php(368): CodeIgniter\CodeIgniter->handleRequest(null, Object(Config\Cache), false)
 7 FCPATH\index.php(67): CodeIgniter\CodeIgniter->run()
CRITICAL - 2023-04-07 17:17:23 --> Invalid file: "comercializacion.php"
in SYSTEMPATH\Exceptions\FrameworkException.php on line 33.
 1 SYSTEMPATH\View\View.php(201): CodeIgniter\Exceptions\FrameworkException::forInvalidFile('comercializacion.php')
 2 SYSTEMPATH\Common.php(1184): CodeIgniter\View\View->render('comercializacion.php', [], true)
 3 APPPATH\Controllers\Home.php(19): view('comercializacion.php')
 4 SYSTEMPATH\CodeIgniter.php(934): App\Controllers\Home->comercializacion()
 5 SYSTEMPATH\CodeIgniter.php(499): CodeIgniter\CodeIgniter->runController(Object(App\Controllers\Home))
 6 SYSTEMPATH\CodeIgniter.php(368): CodeIgniter\CodeIgniter->handleRequest(null, Object(Config\Cache), false)
 7 FCPATH\index.php(67): CodeIgniter\CodeIgniter->run()
CRITICAL - 2023-04-07 17:17:40 --> Invalid file: "comercializacion.php"
in SYSTEMPATH\Exceptions\FrameworkException.php on line 33.
 1 SYSTEMPATH\View\View.php(201): CodeIgniter\Exceptions\FrameworkException::forInvalidFile('comercializacion.php')
 2 SYSTEMPATH\Common.php(1184): CodeIgniter\View\View->render('comercializacion.php', [], true)
 3 APPPATH\Controllers\Home.php(19): view('comercializacion.php')
 4 SYSTEMPATH\CodeIgniter.php(934): App\Controllers\Home->comercializacion()
 5 SYSTEMPATH\CodeIgniter.php(499): CodeIgniter\CodeIgniter->runController(Object(App\Controllers\Home))
 6 SYSTEMPATH\CodeIgniter.php(368): CodeIgniter\CodeIgniter->handleRequest(null, Object(Config\Cache), false)
 7 FCPATH\index.php(67): CodeIgniter\CodeIgniter->run()
CRITICAL - 2023-04-07 17:18:13 --> Invalid file: "comercializacion.php"
in SYSTEMPATH\Exceptions\FrameworkException.php on line 33.
 1 SYSTEMPATH\View\View.php(201): CodeIgniter\Exceptions\FrameworkException::forInvalidFile('comercializacion.php')
 2 SYSTEMPATH\Common.php(1184): CodeIgniter\View\View->render('comercializacion', [], true)
 3 APPPATH\Controllers\Home.php(19): view('comercializacion')
 4 SYSTEMPATH\CodeIgniter.php(934): App\Controllers\Home->comercializacion()
 5 SYSTEMPATH\CodeIgniter.php(499): CodeIgniter\CodeIgniter->runController(Object(App\Controllers\Home))
 6 SYSTEMPATH\CodeIgniter.php(368): CodeIgniter\CodeIgniter->handleRequest(null, Object(Config\Cache), false)
 7 FCPATH\index.php(67): CodeIgniter\CodeIgniter->run()
CRITICAL - 2023-04-07 17:19:54 --> Invalid file: "comercializacion.php"
in SYSTEMPATH\Exceptions\FrameworkException.php on line 33.
 1 SYSTEMPATH\View\View.php(201): CodeIgniter\Exceptions\FrameworkException::forInvalidFile('comercializacion.php')
 2 SYSTEMPATH\Common.php(1184): CodeIgniter\View\View->render('comercializacion', [], true)
 3 APPPATH\Controllers\Home.php(19): view('comercializacion')
 4 SYSTEMPATH\CodeIgniter.php(934): App\Controllers\Home->comercializacion()
 5 SYSTEMPATH\CodeIgniter.php(499): CodeIgniter\CodeIgniter->runController(Object(App\Controllers\Home))
 6 SYSTEMPATH\CodeIgniter.php(368): CodeIgniter\CodeIgniter->handleRequest(null, Object(Config\Cache), false)
 7 FCPATH\index.php(67): CodeIgniter\CodeIgniter->run()
CRITICAL - 2023-04-07 17:19:58 --> Invalid file: "contacto.php"
in SYSTEMPATH\Exceptions\FrameworkException.php on line 33.
 1 SYSTEMPATH\View\View.php(201): CodeIgniter\Exceptions\FrameworkException::forInvalidFile('contacto.php')
 2 SYSTEMPATH\Common.php(1184): CodeIgniter\View\View->render('contacto', [], true)
 3 APPPATH\Controllers\Home.php(24): view('contacto')
 4 SYSTEMPATH\CodeIgniter.php(934): App\Controllers\Home->contacto()
 5 SYSTEMPATH\CodeIgniter.php(499): CodeIgniter\CodeIgniter->runController(Object(App\Controllers\Home))
 6 SYSTEMPATH\CodeIgniter.php(368): CodeIgniter\CodeIgniter->handleRequest(null, Object(Config\Cache), false)
 7 FCPATH\index.php(67): CodeIgniter\CodeIgniter->run()
CRITICAL - 2023-04-07 17:19:59 --> Invalid file: "terminos_usos.php"
in SYSTEMPATH\Exceptions\FrameworkException.php on line 33.
 1 SYSTEMPATH\View\View.php(201): CodeIgniter\Exceptions\FrameworkException::forInvalidFile('terminos_usos.php')
 2 SYSTEMPATH\Common.php(1184): CodeIgniter\View\View->render('terminos_usos', [], true)
 3 APPPATH\Controllers\Home.php(29): view('terminos_usos')
 4 SYSTEMPATH\CodeIgniter.php(934): App\Controllers\Home->terminosUsos()
 5 SYSTEMPATH\CodeIgniter.php(499): CodeIgniter\CodeIgniter->runController(Object(App\Controllers\Home))
 6 SYSTEMPATH\CodeIgniter.php(368): CodeIgniter\CodeIgniter->handleRequest(null, Object(Config\Cache), false)
 7 FCPATH\index.php(67): CodeIgniter\CodeIgniter->run()
CRITICAL - 2023-04-07 17:30:42 --> Invalid file: "terminos_usos.php"
in SYSTEMPATH\Exceptions\FrameworkException.php on line 33.
 1 SYSTEMPATH\View\View.php(201): CodeIgniter\Exceptions\FrameworkException::forInvalidFile('terminos_usos.php')
 2 SYSTEMPATH\Common.php(1184): CodeIgniter\View\View->render('terminos_usos', [], true)
 3 APPPATH\Controllers\Home.php(29): view('terminos_usos')
 4 SYSTEMPATH\CodeIgniter.php(934): App\Controllers\Home->terminosUsos()
 5 SYSTEMPATH\CodeIgniter.php(499): CodeIgniter\CodeIgniter->runController(Object(App\Controllers\Home))
 6 SYSTEMPATH\CodeIgniter.php(368): CodeIgniter\CodeIgniter->handleRequest(null, Object(Config\Cache), false)
 7 FCPATH\index.php(67): CodeIgniter\CodeIgniter->run()
CRITICAL - 2023-04-07 22:21:12 --> require_once(inc/compartida/head.php): Failed to open stream: No such file or directory
in APPPATH\Views\principal.php on line 5.
 1 APPPATH\Views\principal.php(5): CodeIgniter\Debug\Exceptions->errorHandler(2, 'require_once(inc/compartida/head.php): Failed to open stream: No such file or directory', 'C:\\xampp\\htdocs\\Proyecto-MauroMur\\app\\Views\\principal.php', 5)
 2 APPPATH\Views\principal.php(5): require_once()
 3 SYSTEMPATH\View\View.php(213): include('C:\\xampp\\htdocs\\Proyecto-MauroMur\\app\\Views\\principal.php')
 4 SYSTEMPATH\View\View.php(216): CodeIgniter\View\View->CodeIgniter\View\{closure}()
 5 SYSTEMPATH\Common.php(1184): CodeIgniter\View\View->render('principal', [], true)
 6 APPPATH\Controllers\Home.php(9): view('principal')
 7 SYSTEMPATH\CodeIgniter.php(934): App\Controllers\Home->index()
 8 SYSTEMPATH\CodeIgniter.php(499): CodeIgniter\CodeIgniter->runController(Object(App\Controllers\Home))
 9 SYSTEMPATH\CodeIgniter.php(368): CodeIgniter\CodeIgniter->handleRequest(null, Object(Config\Cache), false)
10 FCPATH\index.php(67): CodeIgniter\CodeIgniter->run()
